  Main.cpp
C:\Users\batis\OneDrive\Documentos\ec_computacao\projeto_pesquisa\cplex\PAS\TP4\TP0\Main.cpp(1,10): warning C4067: tokens inesperados após diretiva de pré-processador - esperado um newline
C:\Users\batis\OneDrive\Documentos\ec_computacao\projeto_pesquisa\cplex\PAS\TP4\TP0\Main.cpp(3,9): warning C4067: tokens inesperados após diretiva de pré-processador - esperado um newline
C:\Users\batis\OneDrive\Documentos\ec_computacao\projeto_pesquisa\cplex\PAS\TP4\TP0\Main.cpp(4,9): warning C4067: tokens inesperados após diretiva de pré-processador - esperado um newline
C:\Users\batis\OneDrive\Documentos\ec_computacao\projeto_pesquisa\cplex\PAS\TP4\TP0\Main.cpp(5,9): warning C4067: tokens inesperados após diretiva de pré-processador - esperado um newline
C:\Users\batis\OneDrive\Documentos\ec_computacao\projeto_pesquisa\cplex\PAS\TP4\TP0\RandGen.h(2,9): warning C4067: tokens inesperados após diretiva de pré-processador - esperado um newline
concert.lib(ilosstructi.obj) : warning LNK4099: PDB 'concert.pdb' não foi encontrado 'concert.lib(ilosstructi.obj)' ou no 'C:\Users\batis\OneDrive\Documentos\ec_computacao\projeto_pesquisa\cplex\PAS\TP4\x64\Debug\concert.pdb'; vinculando objeto quando quando sem nenhuma informação de depuração
concert.lib(ilohash.obj) : warning LNK4099: PDB 'concert.pdb' não foi encontrado 'concert.lib(ilohash.obj)' ou no 'C:\Users\batis\OneDrive\Documentos\ec_computacao\projeto_pesquisa\cplex\PAS\TP4\x64\Debug\concert.pdb'; vinculando objeto quando quando sem nenhuma informação de depuração
concert.lib(iloalg.obj) : warning LNK4099: PDB 'concert.pdb' não foi encontrado 'concert.lib(iloalg.obj)' ou no 'C:\Users\batis\OneDrive\Documentos\ec_computacao\projeto_pesquisa\cplex\PAS\TP4\x64\Debug\concert.pdb'; vinculando objeto quando quando sem nenhuma informação de depuração
concert.lib(iloenv.obj) : warning LNK4099: PDB 'concert.pdb' não foi encontrado 'concert.lib(iloenv.obj)' ou no 'C:\Users\batis\OneDrive\Documentos\ec_computacao\projeto_pesquisa\cplex\PAS\TP4\x64\Debug\concert.pdb'; vinculando objeto quando quando sem nenhuma informação de depuração
concert.lib(ilostimei.obj) : warning LNK4099: PDB 'concert.pdb' não foi encontrado 'concert.lib(ilostimei.obj)' ou no 'C:\Users\batis\OneDrive\Documentos\ec_computacao\projeto_pesquisa\cplex\PAS\TP4\x64\Debug\concert.pdb'; vinculando objeto quando quando sem nenhuma informação de depuração
concert.lib(iloallocator.obj) : warning LNK4099: PDB 'concert.pdb' não foi encontrado 'concert.lib(iloallocator.obj)' ou no 'C:\Users\batis\OneDrive\Documentos\ec_computacao\projeto_pesquisa\cplex\PAS\TP4\x64\Debug\concert.pdb'; vinculando objeto quando quando sem nenhuma informação de depuração
concert.lib(ilosatomi.obj) : warning LNK4099: PDB '' não foi encontrado 'concert.lib(ilosatomi.obj)' ou no ''; vinculando objeto quando quando sem nenhuma informação de depuração
concert.lib(iloserror.obj) : warning LNK4099: PDB 'concert.pdb' não foi encontrado 'concert.lib(iloserror.obj)' ou no 'C:\Users\batis\OneDrive\Documentos\ec_computacao\projeto_pesquisa\cplex\PAS\TP4\x64\Debug\concert.pdb'; vinculando objeto quando quando sem nenhuma informação de depuração
concert.lib(ilosdisplayi.obj) : warning LNK4099: PDB 'concert.pdb' não foi encontrado 'concert.lib(ilosdisplayi.obj)' ou no 'C:\Users\batis\OneDrive\Documentos\ec_computacao\projeto_pesquisa\cplex\PAS\TP4\x64\Debug\concert.pdb'; vinculando objeto quando quando sem nenhuma informação de depuração
concert.lib(ilorandom.obj) : warning LNK4099: PDB 'concert.pdb' não foi encontrado 'concert.lib(ilorandom.obj)' ou no 'C:\Users\batis\OneDrive\Documentos\ec_computacao\projeto_pesquisa\cplex\PAS\TP4\x64\Debug\concert.pdb'; vinculando objeto quando quando sem nenhuma informação de depuração
concert.lib(ilothread.obj) : warning LNK4099: PDB 'concert.pdb' não foi encontrado 'concert.lib(ilothread.obj)' ou no 'C:\Users\batis\OneDrive\Documentos\ec_computacao\projeto_pesquisa\cplex\PAS\TP4\x64\Debug\concert.pdb'; vinculando objeto quando quando sem nenhuma informação de depuração
concert.lib(ilossol.obj) : warning LNK4099: PDB 'concert.pdb' não foi encontrado 'concert.lib(ilossol.obj)' ou no 'C:\Users\batis\OneDrive\Documentos\ec_computacao\projeto_pesquisa\cplex\PAS\TP4\x64\Debug\concert.pdb'; vinculando objeto quando quando sem nenhuma informação de depuração
concert.lib(ilotypes.obj) : warning LNK4099: PDB 'concert.pdb' não foi encontrado 'concert.lib(ilotypes.obj)' ou no 'C:\Users\batis\OneDrive\Documentos\ec_computacao\projeto_pesquisa\cplex\PAS\TP4\x64\Debug\concert.pdb'; vinculando objeto quando quando sem nenhuma informação de depuração
concert.lib(iloexpression.obj) : warning LNK4099: PDB 'concert.pdb' não foi encontrado 'concert.lib(iloexpression.obj)' ou no 'C:\Users\batis\OneDrive\Documentos\ec_computacao\projeto_pesquisa\cplex\PAS\TP4\x64\Debug\concert.pdb'; vinculando objeto quando quando sem nenhuma informação de depuração
concert.lib(ilosbasic.obj) : warning LNK4099: PDB 'concert.pdb' não foi encontrado 'concert.lib(ilosbasic.obj)' ou no 'C:\Users\batis\OneDrive\Documentos\ec_computacao\projeto_pesquisa\cplex\PAS\TP4\x64\Debug\concert.pdb'; vinculando objeto quando quando sem nenhuma informação de depuração
concert.lib(iloset.obj) : warning LNK4099: PDB 'concert.pdb' não foi encontrado 'concert.lib(iloset.obj)' ou no 'C:\Users\batis\OneDrive\Documentos\ec_computacao\projeto_pesquisa\cplex\PAS\TP4\x64\Debug\concert.pdb'; vinculando objeto quando quando sem nenhuma informação de depuração
concert.lib(iloconstraint.obj) : warning LNK4099: PDB 'concert.pdb' não foi encontrado 'concert.lib(iloconstraint.obj)' ou no 'C:\Users\batis\OneDrive\Documentos\ec_computacao\projeto_pesquisa\cplex\PAS\TP4\x64\Debug\concert.pdb'; vinculando objeto quando quando sem nenhuma informação de depuração
concert.lib(iloanyexpr.obj) : warning LNK4099: PDB 'concert.pdb' não foi encontrado 'concert.lib(iloanyexpr.obj)' ou no 'C:\Users\batis\OneDrive\Documentos\ec_computacao\projeto_pesquisa\cplex\PAS\TP4\x64\Debug\concert.pdb'; vinculando objeto quando quando sem nenhuma informação de depuração
concert.lib(iloextractable.obj) : warning LNK4099: PDB 'concert.pdb' não foi encontrado 'concert.lib(iloextractable.obj)' ou no 'C:\Users\batis\OneDrive\Documentos\ec_computacao\projeto_pesquisa\cplex\PAS\TP4\x64\Debug\concert.pdb'; vinculando objeto quando quando sem nenhuma informação de depuração
concert.lib(ilomap.obj) : warning LNK4099: PDB 'concert.pdb' não foi encontrado 'concert.lib(ilomap.obj)' ou no 'C:\Users\batis\OneDrive\Documentos\ec_computacao\projeto_pesquisa\cplex\PAS\TP4\x64\Debug\concert.pdb'; vinculando objeto quando quando sem nenhuma informação de depuração
concert.lib(ilosmodel.obj) : warning LNK4099: PDB 'concert.pdb' não foi encontrado 'concert.lib(ilosmodel.obj)' ou no 'C:\Users\batis\OneDrive\Documentos\ec_computacao\projeto_pesquisa\cplex\PAS\TP4\x64\Debug\concert.pdb'; vinculando objeto quando quando sem nenhuma informação de depuração
concert.lib(ilosolution.obj) : warning LNK4099: PDB '' não foi encontrado 'concert.lib(ilosolution.obj)' ou no ''; vinculando objeto quando quando sem nenhuma informação de depuração
concert.lib(iloiterator.obj) : warning LNK4099: PDB 'concert.pdb' não foi encontrado 'concert.lib(iloiterator.obj)' ou no 'C:\Users\batis\OneDrive\Documentos\ec_computacao\projeto_pesquisa\cplex\PAS\TP4\x64\Debug\concert.pdb'; vinculando objeto quando quando sem nenhuma informação de depuração
concert.lib(ilossequencei.obj) : warning LNK4099: PDB 'concert.pdb' não foi encontrado 'concert.lib(ilossequencei.obj)' ou no 'C:\Users\batis\OneDrive\Documentos\ec_computacao\projeto_pesquisa\cplex\PAS\TP4\x64\Debug\concert.pdb'; vinculando objeto quando quando sem nenhuma informação de depuração
concert.lib(ilocollection.obj) : warning LNK4099: PDB 'concert.pdb' não foi encontrado 'concert.lib(ilocollection.obj)' ou no 'C:\Users\batis\OneDrive\Documentos\ec_computacao\projeto_pesquisa\cplex\PAS\TP4\x64\Debug\concert.pdb'; vinculando objeto quando quando sem nenhuma informação de depuração
concert.lib(ilocollectionstruct.obj) : warning LNK4099: PDB 'concert.pdb' não foi encontrado 'concert.lib(ilocollectionstruct.obj)' ou no 'C:\Users\batis\OneDrive\Documentos\ec_computacao\projeto_pesquisa\cplex\PAS\TP4\x64\Debug\concert.pdb'; vinculando objeto quando quando sem nenhuma informação de depuração
concert.lib(ilosimplecollection.obj) : warning LNK4099: PDB 'concert.pdb' não foi encontrado 'concert.lib(ilosimplecollection.obj)' ou no 'C:\Users\batis\OneDrive\Documentos\ec_computacao\projeto_pesquisa\cplex\PAS\TP4\x64\Debug\concert.pdb'; vinculando objeto quando quando sem nenhuma informação de depuração
concert.lib(ilocollectionoperator.obj) : warning LNK4099: PDB 'concert.pdb' não foi encontrado 'concert.lib(ilocollectionoperator.obj)' ou no 'C:\Users\batis\OneDrive\Documentos\ec_computacao\projeto_pesquisa\cplex\PAS\TP4\x64\Debug\concert.pdb'; vinculando objeto quando quando sem nenhuma informação de depuração
concert.lib(ilocollectioniterator.obj) : warning LNK4099: PDB 'concert.pdb' não foi encontrado 'concert.lib(ilocollectioniterator.obj)' ou no 'C:\Users\batis\OneDrive\Documentos\ec_computacao\projeto_pesquisa\cplex\PAS\TP4\x64\Debug\concert.pdb'; vinculando objeto quando quando sem nenhuma informação de depuração
concert.lib(iloskiplist.obj) : warning LNK4099: PDB 'concert.pdb' não foi encontrado 'concert.lib(iloskiplist.obj)' ou no 'C:\Users\batis\OneDrive\Documentos\ec_computacao\projeto_pesquisa\cplex\PAS\TP4\x64\Debug\concert.pdb'; vinculando objeto quando quando sem nenhuma informação de depuração
concert.lib(ilonumfunci.obj) : warning LNK4099: PDB '' não foi encontrado 'concert.lib(ilonumfunci.obj)' ou no ''; vinculando objeto quando quando sem nenhuma informação de depuração
concert.lib(iloparami.obj) : warning LNK4099: PDB 'concert.pdb' não foi encontrado 'concert.lib(iloparami.obj)' ou no 'C:\Users\batis\OneDrive\Documentos\ec_computacao\projeto_pesquisa\cplex\PAS\TP4\x64\Debug\concert.pdb'; vinculando objeto quando quando sem nenhuma informação de depuração
concert.lib(ilointervalsi.obj) : warning LNK4099: PDB 'concert.pdb' não foi encontrado 'concert.lib(ilointervalsi.obj)' ou no 'C:\Users\batis\OneDrive\Documentos\ec_computacao\projeto_pesquisa\cplex\PAS\TP4\x64\Debug\concert.pdb'; vinculando objeto quando quando sem nenhuma informação de depuração
concert.lib(evalkernel.obj) : warning LNK4099: PDB 'concert.pdb' não foi encontrado 'concert.lib(evalkernel.obj)' ou no 'C:\Users\batis\OneDrive\Documentos\ec_computacao\projeto_pesquisa\cplex\PAS\TP4\x64\Debug\concert.pdb'; vinculando objeto quando quando sem nenhuma informação de depuração
concert.lib(evaluator.obj) : warning LNK4099: PDB 'concert.pdb' não foi encontrado 'concert.lib(evaluator.obj)' ou no 'C:\Users\batis\OneDrive\Documentos\ec_computacao\projeto_pesquisa\cplex\PAS\TP4\x64\Debug\concert.pdb'; vinculando objeto quando quando sem nenhuma informação de depuração
concert.lib(evalexpand.obj) : warning LNK4099: PDB 'concert.pdb' não foi encontrado 'concert.lib(evalexpand.obj)' ou no 'C:\Users\batis\OneDrive\Documentos\ec_computacao\projeto_pesquisa\cplex\PAS\TP4\x64\Debug\concert.pdb'; vinculando objeto quando quando sem nenhuma informação de depuração
concert.lib(strtod.obj) : warning LNK4099: PDB 'concert.pdb' não foi encontrado 'concert.lib(strtod.obj)' ou no 'C:\Users\batis\OneDrive\Documentos\ec_computacao\projeto_pesquisa\cplex\PAS\TP4\x64\Debug\concert.pdb'; vinculando objeto quando quando sem nenhuma informação de depuração
  TP0.vcxproj -> C:\Users\batis\OneDrive\Documentos\ec_computacao\projeto_pesquisa\cplex\PAS\TP4\x64\Debug\TP0.exe
